#
# There is insufficient memory for the Java Runtime Environment to continue.
# Native memory allocation (malloc) failed to allocate 382576 bytes for Chunk::new
# Possible reasons:
#   The system is out of physical RAM or swap space
#   The process is running with CompressedOops enabled, and the Java Heap may be blocking the growth of the native heap
# Possible solutions:
#   Reduce memory load on the system
#   Increase physical memory or swap space
#   Check if swap backing store is full
#   Decrease Java heap size (-Xmx/-Xms)
#   Decrease number of Java threads
#   Decrease Java thread stack sizes (-Xss)
#   Set larger code cache with -XX:ReservedCodeCacheSize=
#   JVM is running with Unscaled Compressed Oops mode in which the Java heap is
#     placed in the first 4GB address space. The Java Heap base address is the
#     maximum limit for the native heap growth. Please use -XX:HeapBaseMinAddress
#     to set the Java Heap base and to place the Java Heap above 4GB virtual address.
# This output file may be truncated or incomplete.
#
#  Out of Memory Error (arena.cpp:195), pid=29588, tid=6504
#
# JRE version: Java(TM) SE Runtime Environment (16.0.2+7) (build 16.0.2+7-67)
# Java VM: Java HotSpot(TM) 64-Bit Server VM (16.0.2+7-67, mixed mode, sharing, tiered, compressed oops, compressed class ptrs, g1 gc, windows-amd64)
# No core dump will be written. Minidumps are not enabled by default on client versions of Windows
#

---------------  S U M M A R Y ------------

Command Line: -ea -Didea.test.cyclic.buffer.size=1048576 -javaagent:C:\Program Files\JetBrains\IntelliJ IDEA Community Edition 2022.2.2\lib\idea_rt.jar=52842:C:\Program Files\JetBrains\IntelliJ IDEA Community Edition 2022.2.2\bin -Dfile.encoding=UTF-8 com.intellij.rt.junit.JUnitStarter -ideVersion5 -junit5 com.company.customerdataservice.controller.CustomerControllerTest,shouldCreateCustomer

Host: Intel(R) Core(TM) i5-8265U CPU @ 1.60GHz, 8 cores, 7G,  Windows 10 , 64 bit Build 19041 (10.0.19041.3155)
Time: Thu Jul 27 13:50:24 2023 Eastern Daylight Time elapsed time: 2.108021 seconds (0d 0h 0m 2s)

---------------  T H R E A D  ---------------

Current thread (0x0000015b72425c10):  JavaThread "C2 CompilerThread0" daemon [_thread_in_native, id=6504, stack(0x00000003e3200000,0x00000003e3300000)]


Current CompileTask:
C2:   2108 1523 %     4       jdk.internal.loader.URLClassPath::getResource @ 39 (74 bytes)

Stack: [0x00000003e3200000,0x00000003e3300000]
Native frames: (J=compiled Java code, j=interpreted, Vv=VM code, C=native code)
V  [jvm.dll+0x6681ca]
V  [jvm.dll+0x7c9e69]
V  [jvm.dll+0x7cb61e]
V  [jvm.dll+0x7cbc73]
V  [jvm.dll+0x242c55]
V  [jvm.dll+0xadeba]
V  [jvm.dll+0xae45c]
V  [jvm.dll+0x2a4cdf]
V  [jvm.dll+0x573c29]
V  [jvm.dll+0x21e905]
V  [jvm.dll+0x217c01]
V  [jvm.dll+0x214ffc]
V  [jvm.dll+0x1a1beb]
V  [jvm.dll+0x225158]
V  [jvm.dll+0x22319c]
V  [jvm.dll+0x77fa62]
V  [jvm.dll+0x7795aa]
V  [jvm.dll+0x667066]
C  [ucrtbase.dll+0x21bb2]
C  [KERNEL32.DLL+0x17614]
C  [ntdll.dll+0x526b1]


---------------  P R O C E S S  ---------------

Threads class SMR info:
_java_thread_list=0x0000015b73df3b70, length=14, elements={
0x0000015b5462c4b0, 0x0000015b724101d0, 0x0000015b72410e90, 0x0000015b7241d6a0,
0x0000015b7241ffd0, 0x0000015b724209d0, 0x0000015b724213d0, 0x0000015b72425c10,
0x0000015b72426650, 0x0000015b7242acc0, 0x0000015b723ea070, 0x0000015b73148990,
0x0000015b7314d530, 0x0000015b73ecb1b0
}

Java Threads: ( => current thread )
  0x0000015b5462c4b0 JavaThread "main" [_thread_in_native, id=14968, stack(0x00000003e2500000,0x00000003e2600000)]
  0x0000015b724101d0 JavaThread "Reference Handler" daemon [_thread_blocked, id=23556, stack(0x00000003e2c00000,0x00000003e2d00000)]
  0x0000015b72410e90 JavaThread "Finalizer" daemon [_thread_blocked, id=15244, stack(0x00000003e2d00000,0x00000003e2e00000)]
  0x0000015b7241d6a0 JavaThread "Signal Dispatcher" daemon [_thread_blocked, id=4608, stack(0x00000003e2e00000,0x00000003e2f00000)]
  0x0000015b7241ffd0 JavaThread "Attach Listener" daemon [_thread_blocked, id=31552, stack(0x00000003e2f00000,0x00000003e3000000)]
  0x0000015b724209d0 JavaThread "Service Thread" daemon [_thread_blocked, id=21560, stack(0x00000003e3000000,0x00000003e3100000)]
  0x0000015b724213d0 JavaThread "Monitor Deflation Thread" daemon [_thread_blocked, id=32524, stack(0x00000003e3100000,0x00000003e3200000)]
=>0x0000015b72425c10 JavaThread "C2 CompilerThread0" daemon [_thread_in_native, id=6504, stack(0x00000003e3200000,0x00000003e3300000)]
  0x0000015b72426650 JavaThread "C1 CompilerThread0" daemon [_thread_blocked, id=20344, stack(0x00000003e3300000,0x00000003e3400000)]
  0x0000015b7242acc0 JavaThread "Sweeper thread" daemon [_thread_blocked, id=13992, stack(0x00000003e3400000,0x00000003e3500000)]
  0x0000015b723ea070 JavaThread "Common-Cleaner" daemon [_thread_blocked, id=10164, stack(0x00000003e3500000,0x00000003e3600000)]
  0x0000015b73148990 JavaThread "Monitor Ctrl-Break" daemon [_thread_in_native, id=1092, stack(0x00000003e3600000,0x00000003e3700000)]
  0x0000015b7314d530 JavaThread "Notification Thread" daemon [_thread_blocked, id=30472, stack(0x00000003e3700000,0x00000003e3800000)]
  0x0000015b73ecb1b0 JavaThread "C2 CompilerThread1" daemon [_thread_in_native, id=27736, stack(0x00000003e3900000,0x00000003e3a00000)]

Other Threads:
  0x0000015b72406660 VMThread "VM Thread" [stack: 0x00000003e2b00000,0x00000003e2c00000] [id=10276]
  0x0000015b7311e820 WatcherThread [stack: 0x00000003e3800000,0x00000003e3900000] [id=33076]
  0x0000015b5466b8b0 GCTaskThread "GC Thread#0" [stack: 0x00000003e2600000,0x00000003e2700000] [id=8656]
  0x0000015b73bc6080 GCTaskThread "GC Thread#1" [stack: 0x00000003e3a00000,0x00000003e3b00000] [id=15284]
  0x0000015b73afb7a0 GCTaskThread "GC Thread#2" [stack: 0x00000003e3b00000,0x00000003e3c00000] [id=13644]
  0x0000015b7373baf0 GCTaskThread "GC Thread#3" [stack: 0x00000003e3c00000,0x00000003e3d00000] [id=8928]
  0x0000015b73872470 GCTaskThread "GC Thread#4" [stack: 0x00000003e3d00000,0x00000003e3e00000] [id=31324]
  0x0000015b73872780 GCTaskThread "GC Thread#5" [stack: 0x00000003e3e00000,0x00000003e3f00000] [id=29036]
  0x0000015b73872f10 GCTaskThread "GC Thread#6" [stack: 0x00000003e3f00000,0x00000003e4000000] [id=31936]
  0x0000015b5467cfc0 ConcurrentGCThread "G1 Main Marker" [stack: 0x00000003e2700000,0x00000003e2800000] [id=26588]
  0x0000015b5467e1d0 ConcurrentGCThread "G1 Conc#0" [stack: 0x00000003e2800000,0x00000003e2900000] [id=22300]
  0x0000015b546f5440 ConcurrentGCThread "G1 Refine#0" [stack: 0x00000003e2900000,0x00000003e2a00000] [id=31668]
  0x0000015b546f5ec0 ConcurrentGCThread "G1 Service" [stack: 0x00000003e2a00000,0x00000003e2b00000] [id=8736]

Threads with active compile tasks:
C2 CompilerThread0     2158 1523 %     4       jdk.internal.loader.URLClassPath::getResource @ 39 (74 bytes)
C1 CompilerThread0     2158 1579       3       org.springframework.util.StringUtils::deleteAny (90 bytes)
C2 CompilerThread1     2158 1557  s!   4       jdk.internal.loader.URLClassPath::getLoader (194 bytes)

VM state: not at safepoint (normal execution)

VM Mutex/Monitor currently owned by a thread: None

Heap address: 0x0000000084a00000, size: 1974 MB, Compressed Oops mode: 32-bit

CDS archive(s) mapped at: [0x0000000800000000-0x0000000800bb0000-0x0000000800bb0000), size 12255232, SharedBaseAddress: 0x0000000800000000, ArchiveRelocationMode: 0.
Compressed class space mapped at: 0x0000000800c00000-0x0000000840c00000, reserved size: 1073741824
Narrow klass base: 0x0000000800000000, Narrow klass shift: 3, Narrow klass range: 0x100000000

GC Precious Log:
 CPUs: 8 total, 8 available
 Memory: 7894M
 Large Page Support: Disabled
 NUMA Support: Disabled
 Compressed Oops: Enabled (32-bit)
 Heap Region Size: 1M
 Heap Min Capacity: 8M
 Heap Initial Capacity: 124M
 Heap Max Capacity: 1974M
 Pre-touch: Disabled
 Parallel Workers: 8
 Concurrent Workers: 2
 Concurrent Refinement Workers: 8
 Periodic GC: Disabled

Heap:
 garbage-first heap   total 126976K, used 22748K [0x0000000084a00000, 0x0000000100000000)
  region size 1024K, 19 young (19456K), 3 survivors (3072K)
 Metaspace       used 8219K, committed 8448K, reserved 1056768K
  class space    used 980K, committed 1088K, reserved 1048576K

Heap Regions: E=young(eden), S=young(survivor), O=old, HS=humongous(starts), HC=humongous(continues), CS=collection set, F=free, OA=open archive, CA=closed archive, TAMS=top-at-mark-start (previous, next)
|   0|0x0000000084a00000, 0x0000000084b00000, 0x0000000084b00000|100%|HS|  |TAMS 0x0000000084a00000, 0x0000000084a00000| Complete 
|   1|0x0000000084b00000, 0x0000000084c00000, 0x0000000084c00000|100%| O|  |TAMS 0x0000000084b00000, 0x0000000084b00000| Untracked 
|   2|0x0000000084c00000, 0x0000000084d00000, 0x0000000084d00000|100%| O|  |TAMS 0x0000000084c00000, 0x0000000084c00000| Untracked 
|   3|0x0000000084d00000, 0x0000000084e00000, 0x0000000084e00000|100%| O|  |TAMS 0x0000000084d00000, 0x0000000084d00000| Untracked 
|   4|0x0000000084e00000, 0x0000000084e37000, 0x0000000084f00000| 21%| O|  |TAMS 0x0000000084e00000, 0x0000000084e00000| Untracked 
|   5|0x0000000084f00000, 0x0000000084f00000, 0x0000000085000000|  0%| F|  |TAMS 0x0000000084f00000, 0x0000000084f00000| Untracked 
|   6|0x0000000085000000, 0x0000000085000000, 0x0000000085100000|  0%| F|  |TAMS 0x0000000085000000, 0x0000000085000000| Untracked 
|   7|0x0000000085100000, 0x0000000085100000, 0x0000000085200000|  0%| F|  |TAMS 0x0000000085100000, 0x0000000085100000| Untracked 
|   8|0x0000000085200000, 0x0000000085200000, 0x0000000085300000|  0%| F|  |TAMS 0x0000000085200000, 0x0000000085200000| Untracked 
|   9|0x0000000085300000, 0x0000000085300000, 0x0000000085400000|  0%| F|  |TAMS 0x0000000085300000, 0x0000000085300000| Untracked 
|  10|0x0000000085400000, 0x0000000085400000, 0x0000000085500000|  0%| F|  |TAMS 0x0000000085400000, 0x0000000085400000| Untracked 
|  11|0x0000000085500000, 0x0000000085500000, 0x0000000085600000|  0%| F|  |TAMS 0x0000000085500000, 0x0000000085500000| Untracked 
|  12|0x0000000085600000, 0x0000000085600000, 0x0000000085700000|  0%| F|  |TAMS 0x0000000085600000, 0x0000000085600000| Untracked 
|  13|0x0000000085700000, 0x0000000085700000, 0x0000000085800000|  0%| F|  |TAMS 0x0000000085700000, 0x0000000085700000| Untracked 
|  14|0x0000000085800000, 0x0000000085800000, 0x0000000085900000|  0%| F|  |TAMS 0x0000000085800000, 0x0000000085800000| Untracked 
|  15|0x0000000085900000, 0x0000000085900000, 0x0000000085a00000|  0%| F|  |TAMS 0x0000000085900000, 0x0000000085900000| Untracked 
|  16|0x0000000085a00000, 0x0000000085a00000, 0x0000000085b00000|  0%| F|  |TAMS 0x0000000085a00000, 0x0000000085a00000| Untracked 
|  17|0x0000000085b00000, 0x0000000085b00000, 0x0000000085c00000|  0%| F|  |TAMS 0x0000000085b00000, 0x0000000085b00000| Untracked 
|  18|0x0000000085c00000, 0x0000000085c00000, 0x0000000085d00000|  0%| F|  |TAMS 0x0000000085c00000, 0x0000000085c00000| Untracked 
|  19|0x0000000085d00000, 0x0000000085d00000, 0x0000000085e00000|  0%| F|  |TAMS 0x0000000085d00000, 0x0000000085d00000| Untracked 
|  20|0x0000000085e00000, 0x0000000085e00000, 0x0000000085f00000|  0%| F|  |TAMS 0x0000000085e00000, 0x0000000085e00000| Untracked 
|  21|0x0000000085f00000, 0x0000000085f00000, 0x0000000086000000|  0%| F|  |TAMS 0x0000000085f00000, 0x0000000085f00000| Untracked 
|  22|0x0000000086000000, 0x0000000086000000, 0x0000000086100000|  0%| F|  |TAMS 0x0000000086000000, 0x0000000086000000| Untracked 
|  23|0x0000000086100000, 0x0000000086100000, 0x0000000086200000|  0%| F|  |TAMS 0x0000000086100000, 0x0000000086100000| Untracked 
|  24|0x0000000086200000, 0x0000000086200000, 0x0000000086300000|  0%| F|  |TAMS 0x0000000086200000, 0x0000000086200000| Untracked 
|  25|0x0000000086300000, 0x0000000086300000, 0x0000000086400000|  0%| F|  |TAMS 0x0000000086300000, 0x0000000086300000| Untracked 
|  26|0x0000000086400000, 0x0000000086400000, 0x0000000086500000|  0%| F|  |TAMS 0x0000000086400000, 0x0000000086400000| Untracked 
|  27|0x0000000086500000, 0x0000000086500000, 0x0000000086600000|  0%| F|  |TAMS 0x0000000086500000, 0x0000000086500000| Untracked 
|  28|0x0000000086600000, 0x0000000086600000, 0x0000000086700000|  0%| F|  |TAMS 0x0000000086600000, 0x0000000086600000| Untracked 
|  29|0x0000000086700000, 0x0000000086700000, 0x0000000086800000|  0%| F|  |TAMS 0x0000000086700000, 0x0000000086700000| Untracked 
|  30|0x0000000086800000, 0x0000000086800000, 0x0000000086900000|  0%| F|  |TAMS 0x0000000086800000, 0x0000000086800000| Untracked 
|  31|0x0000000086900000, 0x0000000086900000, 0x0000000086a00000|  0%| F|  |TAMS 0x0000000086900000, 0x0000000086900000| Untracked 
|  32|0x0000000086a00000, 0x0000000086a00000, 0x0000000086b00000|  0%| F|  |TAMS 0x0000000086a00000, 0x0000000086a00000| Untracked 
|  33|0x0000000086b00000, 0x0000000086b00000, 0x0000000086c00000|  0%| F|  |TAMS 0x0000000086b00000, 0x0000000086b00000| Untracked 
|  34|0x0000000086c00000, 0x0000000086c00000, 0x0000000086d00000|  0%| F|  |TAMS 0x0000000086c00000, 0x0000000086c00000| Untracked 
|  35|0x0000000086d00000, 0x0000000086d00000, 0x0000000086e00000|  0%| F|  |TAMS 0x0000000086d00000, 0x0000000086d00000| Untracked 
|  36|0x0000000086e00000, 0x0000000086e00000, 0x0000000086f00000|  0%| F|  |TAMS 0x0000000086e00000, 0x0000000086e00000| Untracked 
|  37|0x0000000086f00000, 0x0000000086f00000, 0x0000000087000000|  0%| F|  |TAMS 0x0000000086f00000, 0x0000000086f00000| Untracked 
|  38|0x0000000087000000, 0x0000000087000000, 0x0000000087100000|  0%| F|  |TAMS 0x0000000087000000, 0x0000000087000000| Untracked 
|  39|0x0000000087100000, 0x0000000087100000, 0x0000000087200000|  0%| F|  |TAMS 0x0000000087100000, 0x0000000087100000| Untracked 
|  40|0x0000000087200000, 0x0000000087200000, 0x0000000087300000|  0%| F|  |TAMS 0x0000000087200000, 0x0000000087200000| Untracked 
|  41|0x0000000087300000, 0x0000000087300000, 0x0000000087400000|  0%| F|  |TAMS 0x0000000087300000, 0x0000000087300000| Untracked 
|  42|0x0000000087400000, 0x0000000087400000, 0x0000000087500000|  0%| F|  |TAMS 0x0000000087400000, 0x0000000087400000| Untracked 
|  43|0x0000000087500000, 0x0000000087500000, 0x0000000087600000|  0%| F|  |TAMS 0x0000000087500000, 0x0000000087500000| Untracked 
|  44|0x0000000087600000, 0x0000000087600000, 0x0000000087700000|  0%| F|  |TAMS 0x0000000087600000, 0x0000000087600000| Untracked 
|  45|0x0000000087700000, 0x0000000087700000, 0x0000000087800000|  0%| F|  |TAMS 0x0000000087700000, 0x0000000087700000| Untracked 
|  46|0x0000000087800000, 0x0000000087800000, 0x0000000087900000|  0%| F|  |TAMS 0x0000000087800000, 0x0000000087800000| Untracked 
|  47|0x0000000087900000, 0x0000000087900000, 0x0000000087a00000|  0%| F|  |TAMS 0x0000000087900000, 0x0000000087900000| Untracked 
|  48|0x0000000087a00000, 0x0000000087a00000, 0x0000000087b00000|  0%| F|  |TAMS 0x0000000087a00000, 0x0000000087a00000| Untracked 
|  49|0x0000000087b00000, 0x0000000087b00000, 0x0000000087c00000|  0%| F|  |TAMS 0x0000000087b00000, 0x0000000087b00000| Untracked 
|  50|0x0000000087c00000, 0x0000000087c00000, 0x0000000087d00000|  0%| F|  |TAMS 0x0000000087c00000, 0x0000000087c00000| Untracked 
|  51|0x0000000087d00000, 0x0000000087d00000, 0x0000000087e00000|  0%| F|  |TAMS 0x0000000087d00000, 0x0000000087d00000| Untracked 
|  52|0x0000000087e00000, 0x0000000087e00000, 0x0000000087f00000|  0%| F|  |TAMS 0x0000000087e00000, 0x0000000087e00000| Untracked 
|  53|0x0000000087f00000, 0x0000000087f00000, 0x0000000088000000|  0%| F|  |TAMS 0x0000000087f00000, 0x0000000087f00000| Untracked 
|  54|0x0000000088000000, 0x0000000088000000, 0x0000000088100000|  0%| F|  |TAMS 0x0000000088000000, 0x0000000088000000| Untracked 
|  55|0x0000000088100000, 0x0000000088100000, 0x0000000088200000|  0%| F|  |TAMS 0x0000000088100000, 0x0000000088100000| Untracked 
|  56|0x0000000088200000, 0x0000000088200000, 0x0000000088300000|  0%| F|  |TAMS 0x0000000088200000, 0x0000000088200000| Untracked 
|  57|0x0000000088300000, 0x0000000088300000, 0x0000000088400000|  0%| F|  |TAMS 0x0000000088300000, 0x0000000088300000| Untracked 
|  58|0x0000000088400000, 0x0000000088400000, 0x0000000088500000|  0%| F|  |TAMS 0x0000000088400000, 0x0000000088400000| Untracked 
|  59|0x0000000088500000, 0x0000000088500000, 0x0000000088600000|  0%| F|  |TAMS 0x0000000088500000, 0x0000000088500000| Untracked 
|  60|0x0000000088600000, 0x0000000088600000, 0x0000000088700000|  0%| F|  |TAMS 0x0000000088600000, 0x0000000088600000| Untracked 
|  61|0x0000000088700000, 0x0000000088700000, 0x0000000088800000|  0%| F|  |TAMS 0x0000000088700000, 0x0000000088700000| Untracked 
|  62|0x0000000088800000, 0x0000000088800000, 0x0000000088900000|  0%| F|  |TAMS 0x0000000088800000, 0x0000000088800000| Untracked 
|  63|0x0000000088900000, 0x0000000088900000, 0x0000000088a00000|  0%| F|  |TAMS 0x0000000088900000, 0x0000000088900000| Untracked 
|  64|0x0000000088a00000, 0x0000000088a00000, 0x0000000088b00000|  0%| F|  |TAMS 0x0000000088a00000, 0x0000000088a00000| Untracked 
|  65|0x0000000088b00000, 0x0000000088b00000, 0x0000000088c00000|  0%| F|  |TAMS 0x0000000088b00000, 0x0000000088b00000| Untracked 
|  66|0x0000000088c00000, 0x0000000088c00000, 0x0000000088d00000|  0%| F|  |TAMS 0x0000000088c00000, 0x0000000088c00000| Untracked 
|  67|0x0000000088d00000, 0x0000000088d00000, 0x0000000088e00000|  0%| F|  |TAMS 0x0000000088d00000, 0x0000000088d00000| Untracked 
|  68|0x0000000088e00000, 0x0000000088e00000, 0x0000000088f00000|  0%| F|  |TAMS 0x0000000088e00000, 0x0000000088e00000| Untracked 
|  69|0x0000000088f00000, 0x0000000088f00000, 0x0000000089000000|  0%| F|  |TAMS 0x0000000088f00000, 0x0000000088f00000| Untracked 
|  70|0x0000000089000000, 0x0000000089000000, 0x0000000089100000|  0%| F|  |TAMS 0x0000000089000000, 0x0000000089000000| Untracked 
|  71|0x0000000089100000, 0x0000000089100000, 0x0000000089200000|  0%| F|  |TAMS 0x0000000089100000, 0x0000000089100000| Untracked 
|  72|0x0000000089200000, 0x0000000089200000, 0x0000000089300000|  0%| F|  |TAMS 0x0000000089200000, 0x0000000089200000| Untracked 
|  73|0x0000000089300000, 0x0000000089300000, 0x0000000089400000|  0%| F|  |TAMS 0x0000000089300000, 0x0000000089300000| Untracked 
|  74|0x0000000089400000, 0x0000000089400000, 0x0000000089500000|  0%| F|  |TAMS 0x0000000089400000, 0x0000000089400000| Untracked 
|  75|0x0000000089500000, 0x0000000089500000, 0x0000000089600000|  0%| F|  |TAMS 0x0000000089500000, 0x0000000089500000| Untracked 
|  76|0x0000000089600000, 0x0000000089600000, 0x0000000089700000|  0%| F|  |TAMS 0x0000000089600000, 0x0000000089600000| Untracked 
|  77|0x0000000089700000, 0x0000000089700000, 0x0000000089800000|  0%| F|  |TAMS 0x0000000089700000, 0x0000000089700000| Untracked 
|  78|0x0000000089800000, 0x0000000089800000, 0x0000000089900000|  0%| F|  |TAMS 0x0000000089800000, 0x0000000089800000| Untracked 
|  79|0x0000000089900000, 0x0000000089900000, 0x0000000089a00000|  0%| F|  |TAMS 0x0000000089900000, 0x0000000089900000| Untracked 
|  80|0x0000000089a00000, 0x0000000089a00000, 0x0000000089b00000|  0%| F|  |TAMS 0x0000000089a00000, 0x0000000089a00000| Untracked 
|  81|0x0000000089b00000, 0x0000000089b00000, 0x0000000089c00000|  0%| F|  |TAMS 0x0000000089b00000, 0x0000000089b00000| Untracked 
|  82|0x0000000089c00000, 0x0000000089c00000, 0x0000000089d00000|  0%| F|  |TAMS 0x0000000089c00000, 0x0000000089c00000| Untracked 
|  83|0x0000000089d00000, 0x0000000089d00000, 0x0000000089e00000|  0%| F|  |TAMS 0x0000000089d00000, 0x0000000089d00000| Untracked 
|  84|0x0000000089e00000, 0x0000000089e00000, 0x0000000089f00000|  0%| F|  |TAMS 0x0000000089e00000, 0x0000000089e00000| Untracked 
|  85|0x0000000089f00000, 0x0000000089f00000, 0x000000008a000000|  0%| F|  |TAMS 0x0000000089f00000, 0x0000000089f00000| Untracked 
|  86|0x000000008a000000, 0x000000008a000000, 0x000000008a100000|  0%| F|  |TAMS 0x000000008a000000, 0x000000008a000000| Untracked 
|  87|0x000000008a100000, 0x000000008a100000, 0x000000008a200000|  0%| F|  |TAMS 0x000000008a100000, 0x000000008a100000| Untracked 
|  88|0x000000008a200000, 0x000000008a200000, 0x000000008a300000|  0%| F|  |TAMS 0x000000008a200000, 0x000000008a200000| Untracked 
|  89|0x000000008a300000, 0x000000008a300000, 0x000000008a400000|  0%| F|  |TAMS 0x000000008a300000, 0x000000008a300000| Untracked 
|  90|0x000000008a400000, 0x000000008a400000, 0x000000008a500000|  0%| F|  |TAMS 0x000000008a400000, 0x000000008a400000| Untracked 
|  91|0x000000008a500000, 0x000000008a500000, 0x000000008a600000|  0%| F|  |TAMS 0x000000008a500000, 0x000000008a500000| Untracked 
|  92|0x000000008a600000, 0x000000008a600000, 0x000000008a700000|  0%| F|  |TAMS 0x000000008a600000, 0x000000008a600000| Untracked 
|  93|0x000000008a700000, 0x000000008a700000, 0x000000008a800000|  0%| F|  |TAMS 0x000000008a700000, 0x000000008a700000| Untracked 
|  94|0x000000008a800000, 0x000000008a800000, 0x000000008a900000|  0%| F|  |TAMS 0x000000008a800000, 0x000000008a800000| Untracked 
|  95|0x000000008a900000, 0x000000008a900000, 0x000000008aa00000|  0%| F|  |TAMS 0x000000008a900000, 0x000000008a900000| Untracked 
|  96|0x000000008aa00000, 0x000000008aa00000, 0x000000008ab00000|  0%| F|  |TAMS 0x000000008aa00000, 0x000000008aa00000| Untracked 
|  97|0x000000008ab00000, 0x000000008ab00000, 0x000000008ac00000|  0%| F|  |TAMS 0x000000008ab00000, 0x000000008ab00000| Untracked 
|  98|0x000000008ac00000, 0x000000008ad00000, 0x000000008ad00000|100%| S|CS|TAMS 0x000000008ac00000, 0x000000008ac00000| Complete 
|  99|0x000000008ad00000, 0x000000008ae00000, 0x000000008ae00000|100%| S|CS|TAMS 0x000000008ad00000, 0x000000008ad00000| Complete 
| 100|0x000000008ae00000, 0x000000008af00000, 0x000000008af00000|100%| S|CS|TAMS 0x000000008ae00000, 0x000000008ae00000| Complete 
| 101|0x000000008af00000, 0x000000008af00000, 0x000000008b000000|  0%| F|  |TAMS 0x000000008af00000, 0x000000008af00000| Untracked 
| 102|0x000000008b000000, 0x000000008b000000, 0x000000008b100000|  0%| F|  |TAMS 0x000000008b000000, 0x000000008b000000| Untracked 
| 103|0x000000008b100000, 0x000000008b100000, 0x000000008b200000|  0%| F|  |TAMS 0x000000008b100000, 0x000000008b100000| Untracked 
| 104|0x000000008b200000, 0x000000008b200000, 0x000000008b300000|  0%| F|  |TAMS 0x000000008b200000, 0x000000008b200000| Untracked 
| 105|0x000000008b300000, 0x000000008b300000, 0x000000008b400000|  0%| F|  |TAMS 0x000000008b300000, 0x000000008b300000| Untracked 
| 106|0x000000008b400000, 0x000000008b400000, 0x000000008b500000|  0%| F|  |TAMS 0x000000008b400000, 0x000000008b400000| Untracked 
| 107|0x000000008b500000, 0x000000008b500000, 0x000000008b600000|  0%| F|  |TAMS 0x000000008b500000, 0x000000008b500000| Untracked 
| 108|0x000000008b600000, 0x000000008b680800, 0x000000008b700000| 50%| E|  |TAMS 0x000000008b600000, 0x000000008b600000| Complete 
| 109|0x000000008b700000, 0x000000008b800000, 0x000000008b800000|100%| E|CS|TAMS 0x000000008b700000, 0x000000008b700000| Complete 
| 110|0x000000008b800000, 0x000000008b900000, 0x000000008b900000|100%| E|CS|TAMS 0x000000008b800000, 0x000000008b800000| Complete 
| 111|0x000000008b900000, 0x000000008ba00000, 0x000000008ba00000|100%| E|CS|TAMS 0x000000008b900000, 0x000000008b900000| Complete 
| 112|0x000000008ba00000, 0x000000008bb00000, 0x000000008bb00000|100%| E|CS|TAMS 0x000000008ba00000, 0x000000008ba00000| Complete 
| 113|0x000000008bb00000, 0x000000008bc00000, 0x000000008bc00000|100%| E|CS|TAMS 0x000000008bb00000, 0x000000008bb00000| Complete 
| 114|0x000000008bc00000, 0x000000008bd00000, 0x000000008bd00000|100%| E|CS|TAMS 0x000000008bc00000, 0x000000008bc00000| Complete 
| 115|0x000000008bd00000, 0x000000008be00000, 0x000000008be00000|100%| E|CS|TAMS 0x000000008bd00000, 0x000000008bd00000| Complete 
| 116|0x000000008be00000, 0x000000008bf00000, 0x000000008bf00000|100%| E|CS|TAMS 0x000000008be00000, 0x000000008be00000| Complete 
| 117|0x000000008bf00000, 0x000000008c000000, 0x000000008c000000|100%| E|CS|TAMS 0x000000008bf00000, 0x000000008bf00000| Complete 
| 118|0x000000008c000000, 0x000000008c100000, 0x000000008c100000|100%| E|CS|TAMS 0x000000008c000000, 0x000000008c000000| Complete 
| 119|0x000000008c100000, 0x000000008c200000, 0x000000008c200000|100%| E|CS|TAMS 0x000000008c100000, 0x000000008c100000| Complete 
| 120|0x000000008c200000, 0x000000008c300000, 0x000000008c300000|100%| E|CS|TAMS 0x000000008c200000, 0x000000008c200000| Complete 
| 121|0x000000008c300000, 0x000000008c400000, 0x000000008c400000|100%| E|CS|TAMS 0x000000008c300000, 0x000000008c300000| Complete 
| 122|0x000000008c400000, 0x000000008c500000, 0x000000008c500000|100%| E|CS|TAMS 0x000000008c400000, 0x000000008c400000| Complete 
| 123|0x000000008c500000, 0x000000008c600000, 0x000000008c600000|100%| E|CS|TAMS 0x000000008c500000, 0x000000008c500000| Complete 

Card table byte_map: [0x0000015b6b4b0000,0x0000015b6b890000] _byte_map_base: 0x0000015b6b08b000

Marking Bits (Prev, Next): (CMBitMap*) 0x0000015b5466cf30, (CMBitMap*) 0x0000015b5466cf70
 Prev Bits: [0x0000015b6bc70000, 0x0000015b6db48000)
 Next Bits: [0x0000015b6db50000, 0x0000015b6fa28000)

Polling page: 0x0000015b525a0000

Metaspace:

Usage:
  Non-class:      7.14 MB used.
      Class:    983.69 KB used.
       Both:      8.10 MB used.

Virtual space:
  Non-class space:        8.00 MB reserved,       7.25 MB ( 91%) committed,  1 nodes.
      Class space:        1.00 GB reserved,       1.06 MB ( <1%) committed,  1 nodes.
              Both:        1.01 GB reserved,       8.31 MB ( <1%) committed. 

Chunk freelists:
   Non-Class:  80.00 KB
       Class:  2.80 MB
        Both:  2.88 MB

MaxMetaspaceSize: 17179869184.00 GB
CompressedClassSpaceSize: 1.00 GB
 - commit_granule_bytes: 65536.
 - commit_granule_words: 8192.
 - virtual_space_node_default_size: 1048576.
 - enlarge_chunks_in_place: 1.
 - new_chunks_are_fully_committed: 0.
 - uncommit_free_chunks: 1.
 - use_allocation_guard: 0.
 - handle_deallocations: 1.


Internal statistics:

num_allocs_failed_limit: 0.
num_arena_births: 100.
num_arena_deaths: 0.
num_vsnodes_births: 2.
num_vsnodes_deaths: 0.
num_space_committed: 133.
num_space_uncommitted: 0.
num_chunks_returned_to_freelist: 0.
num_chunks_taken_from_freelist: 358.
num_chunk_merges: 0.
num_chunk_splits: 213.
num_chunks_enlarged: 148.
num_purges: 0.

CodeHeap 'non-profiled nmethods': size=120000Kb used=505Kb max_used=505Kb free=119495Kb
 bounds [0x0000015b63870000, 0x0000015b63ae0000, 0x0000015b6ada0000]
CodeHeap 'profiled nmethods': size=120000Kb used=3086Kb max_used=3086Kb free=116913Kb
 bounds [0x0000015b5c340000, 0x0000015b5c650000, 0x0000015b63870000]
CodeHeap 'non-nmethods': size=5760Kb used=1162Kb max_used=1184Kb free=4597Kb
 bounds [0x0000015b5bda0000, 0x0000015b5c010000, 0x0000015b5c340000]
 total_blobs=2024 nmethods=1576 adapters=361
 compilation: enabled
              stopped_count=0, restarted_count=0
 full_count=0

Compilation events (20 events):
Event: 2.081 Thread 0x0000015b72426650 1542       3       java.lang.invoke.MethodHandles$Lookup$ClassFile::<init> (20 bytes)
Event: 2.081 Thread 0x0000015b72426650 nmethod 1542 0x0000015b5c625b90 code [0x0000015b5c625d40, 0x0000015b5c625f78]
Event: 2.081 Thread 0x0000015b72426650 1543       3       java.lang.invoke.MethodHandles$Lookup::makeHiddenClassDefiner (42 bytes)
Event: 2.083 Thread 0x0000015b72426650 nmethod 1543 0x0000015b5c626010 code [0x0000015b5c6262e0, 0x0000015b5c6271f8]
Event: 2.083 Thread 0x0000015b72426650 1545       3       java.lang.invoke.MethodHandles$Lookup$ClassDefiner::<init> (58 bytes)
Event: 2.083 Thread 0x0000015b72426650 nmethod 1545 0x0000015b5c627710 code [0x0000015b5c6278c0, 0x0000015b5c627b58]
Event: 2.083 Thread 0x0000015b72426650 1546       3       java.lang.invoke.MethodHandles$Lookup$ClassDefiner::defineClass (97 bytes)
Event: 2.085 Thread 0x0000015b72426650 nmethod 1546 0x0000015b5c627c90 code [0x0000015b5c627f40, 0x0000015b5c628d98]
Event: 2.085 Thread 0x0000015b72426650 1550       3       java.lang.invoke.AbstractValidatingLambdaMetafactory::<init> (529 bytes)
Event: 2.094 Thread 0x0000015b72426650 nmethod 1550 0x0000015b5c629310 code [0x0000015b5c629c60, 0x0000015b5c62f728]
Event: 2.094 Thread 0x0000015b72426650 1552   !   3       jdk.proxy1.$Proxy3::annotationType (29 bytes)
Event: 2.095 Thread 0x0000015b72426650 nmethod 1552 0x0000015b5c631390 code [0x0000015b5c631560, 0x0000015b5c631978]
Event: 2.095 Thread 0x0000015b72426650 1551       1       ch.qos.logback.classic.Logger::getName (5 bytes)
Event: 2.095 Thread 0x0000015b72426650 nmethod 1551 0x0000015b638ed690 code [0x0000015b638ed820, 0x0000015b638ed8f8]
Event: 2.095 Thread 0x0000015b72426650 1547       3       java.lang.System$2::defineClass (21 bytes)
Event: 2.095 Thread 0x0000015b72426650 nmethod 1547 0x0000015b5c631b10 code [0x0000015b5c631cc0, 0x0000015b5c631e48]
Event: 2.095 Thread 0x0000015b72426650 1548   !   3       java.lang.invoke.MethodHandles$Lookup::revealDirect (196 bytes)
Event: 2.097 Thread 0x0000015b72426650 nmethod 1548 0x0000015b5c631f10 code [0x0000015b5c632260, 0x0000015b5c633668]
Event: 2.097 Thread 0x0000015b72426650 1549       3       java.lang.invoke.InfoFromMemberName::<init> (72 bytes)
Event: 2.098 Thread 0x0000015b72426650 nmethod 1549 0x0000015b5c633d90 code [0x0000015b5c633f40, 0x0000015b5c634118]

GC Heap History (2 events):
Event: 1.360 GC heap before
{Heap before GC invocations=0 (full 0):
 garbage-first heap   total 126976K, used 23552K [0x0000000084a00000, 0x0000000100000000)
  region size 1024K, 23 young (23552K), 0 survivors (0K)
 Metaspace       used 4822K, committed 5056K, reserved 1056768K
  class space    used 575K, committed 704K, reserved 1048576K
}
Event: 1.370 GC heap after
{Heap after GC invocations=1 (full 0):
 garbage-first heap   total 126976K, used 7388K [0x0000000084a00000, 0x0000000100000000)
  region size 1024K, 3 young (3072K), 3 survivors (3072K)
 Metaspace       used 4822K, committed 5056K, reserved 1056768K
  class space    used 575K, committed 704K, reserved 1048576K
}

Deoptimization events (20 events):
Event: 1.813 Thread 0x0000015b5462c4b0 Uncommon trap: trap_request=0xffffffde fr.pc=0x0000015b6388a7c4 relative=0x00000000000001a4
Event: 1.813 Thread 0x0000015b5462c4b0 Uncommon trap: reason=class_check action=maybe_recompile pc=0x0000015b6388a7c4 method=java.lang.String.equals(Ljava/lang/Object;)Z @ 8 c2
Event: 1.813 Thread 0x0000015b5462c4b0 DEOPT PACKING pc=0x0000015b6388a7c4 sp=0x00000003e25fcc60
Event: 1.813 Thread 0x0000015b5462c4b0 DEOPT UNPACKING pc=0x0000015b5bded72e sp=0x00000003e25fcc08 mode 2
Event: 1.858 Thread 0x0000015b5462c4b0 Uncommon trap: trap_request=0xffffff45 fr.pc=0x0000015b638e4564 relative=0x00000000000013c4
Event: 1.858 Thread 0x0000015b5462c4b0 Uncommon trap: reason=unstable_if action=reinterpret pc=0x0000015b638e4564 method=java.util.HashMap.hash(Ljava/lang/Object;)I @ 1 c2
Event: 1.858 Thread 0x0000015b5462c4b0 DEOPT PACKING pc=0x0000015b638e4564 sp=0x00000003e25fc1b0
Event: 1.858 Thread 0x0000015b5462c4b0 DEOPT UNPACKING pc=0x0000015b5bded72e sp=0x00000003e25fc148 mode 2
Event: 1.914 Thread 0x0000015b5462c4b0 Uncommon trap: trap_request=0xffffffde fr.pc=0x0000015b638dba9c relative=0x000000000000045c
Event: 1.915 Thread 0x0000015b5462c4b0 Uncommon trap: reason=class_check action=maybe_recompile pc=0x0000015b638dba9c method=java.util.HashMap.getNode(Ljava/lang/Object;)Ljava/util/HashMap$Node; @ 128 c2
Event: 1.915 Thread 0x0000015b5462c4b0 DEOPT PACKING pc=0x0000015b638dba9c sp=0x00000003e25fc830
Event: 1.915 Thread 0x0000015b5462c4b0 DEOPT UNPACKING pc=0x0000015b5bded72e sp=0x00000003e25fc748 mode 2
Event: 1.917 Thread 0x0000015b5462c4b0 Uncommon trap: trap_request=0xffffffde fr.pc=0x0000015b638dba9c relative=0x000000000000045c
Event: 1.917 Thread 0x0000015b5462c4b0 Uncommon trap: reason=class_check action=maybe_recompile pc=0x0000015b638dba9c method=java.util.HashMap.getNode(Ljava/lang/Object;)Ljava/util/HashMap$Node; @ 128 c2
Event: 1.917 Thread 0x0000015b5462c4b0 DEOPT PACKING pc=0x0000015b638dba9c sp=0x00000003e25fc830
Event: 1.917 Thread 0x0000015b5462c4b0 DEOPT UNPACKING pc=0x0000015b5bded72e sp=0x00000003e25fc748 mode 2
Event: 2.052 Thread 0x0000015b5462c4b0 Uncommon trap: trap_request=0xffffff45 fr.pc=0x0000015b638ab4b0 relative=0x0000000000000090
Event: 2.052 Thread 0x0000015b5462c4b0 Uncommon trap: reason=unstable_if action=reinterpret pc=0x0000015b638ab4b0 method=sun.reflect.generics.parser.SignatureParser.current()C @ 39 c2
Event: 2.052 Thread 0x0000015b5462c4b0 DEOPT PACKING pc=0x0000015b638ab4b0 sp=0x00000003e25fb1f0
Event: 2.052 Thread 0x0000015b5462c4b0 DEOPT UNPACKING pc=0x0000015b5bded72e sp=0x00000003e25fb188 mode 2

Classes unloaded (0 events):
No events

Classes redefined (0 events):
No events

Internal exceptions (20 events):
Event: 1.145 Thread 0x0000015b5462c4b0 Exception <a 'java/lang/IncompatibleClassChangeError'{0x000000008b368550}: Found class java.lang.Object, but interface was expected> (0x000000008b368550) 
thrown [t:\workspace\open\src\hotspot\share\interpreter\linkResolver.cpp, line 857]
Event: 1.159 Thread 0x0000015b5462c4b0 Exception <a 'java/lang/NoSuchMethodError'{0x000000008b3a1a88}: 'void java.lang.invoke.DirectMethodHandle$Holder.invokeInterface(java.lang.Object, java.lang.Object, java.lang.Object)'> (0x000000008b3a1a88) 
thrown [t:\workspace\open\src\hotspot\share\interpreter\linkResolver.cpp, line 790]
Event: 1.159 Thread 0x0000015b5462c4b0 Exception <a 'java/lang/IncompatibleClassChangeError'{0x000000008b3a52c8}: Found class java.lang.Object, but interface was expected> (0x000000008b3a52c8) 
thrown [t:\workspace\open\src\hotspot\share\interpreter\linkResolver.cpp, line 857]
Event: 1.168 Thread 0x0000015b5462c4b0 Exception <a 'java/lang/NoSuchMethodError'{0x000000008b3c49b0}: 'java.lang.Object java.lang.invoke.DirectMethodHandle$Holder.invokeStatic(java.lang.Object, java.lang.Object, int)'> (0x000000008b3c49b0) 
thrown [t:\workspace\open\src\hotspot\share\interpreter\linkResolver.cpp, line 790]
Event: 1.188 Thread 0x0000015b5462c4b0 Exception <a 'java/lang/NoSuchMethodError'{0x000000008b231c20}: 'void java.lang.invoke.DirectMethodHandle$Holder.invokeSpecial(java.lang.Object, java.lang.Object, java.lang.Object, java.lang.Object, java.lang.Object)'> (0x000000008b231c20) 
thrown [t:\workspace\open\src\hotspot\share\interpreter\linkResolver.cpp, line 790]
Event: 1.208 Thread 0x0000015b5462c4b0 Exception <a 'java/lang/NoSuchMethodError'{0x000000008b2fd360}: 'void java.lang.invoke.DirectMethodHandle$Holder.invokeInterface(java.lang.Object, java.lang.Object, java.lang.Object, java.lang.Object)'> (0x000000008b2fd360) 
thrown [t:\workspace\open\src\hotspot\share\interpreter\linkResolver.cpp, line 790]
Event: 1.209 Thread 0x0000015b5462c4b0 Exception <a 'java/lang/IncompatibleClassChangeError'{0x000000008b101338}: Found class java.lang.Object, but interface was expected> (0x000000008b101338) 
thrown [t:\workspace\open\src\hotspot\share\interpreter\linkResolver.cpp, line 857]
Event: 1.215 Thread 0x0000015b5462c4b0 Exception <a 'java/lang/NoSuchMethodError'{0x000000008b117860}: 'void java.lang.invoke.DirectMethodHandle$Holder.invokeStatic(java.lang.Object, java.lang.Object, java.lang.Object, java.lang.Object)'> (0x000000008b117860) 
thrown [t:\workspace\open\src\hotspot\share\interpreter\linkResolver.cpp, line 790]
Event: 1.219 Thread 0x0000015b5462c4b0 Exception <a 'java/lang/NoSuchMethodError'{0x000000008b129310}: 'java.lang.Object java.lang.invoke.DirectMethodHandle$Holder.newInvokeSpecial(java.lang.Object, java.lang.Object, int)'> (0x000000008b129310) 
thrown [t:\workspace\open\src\hotspot\share\interpreter\linkResolver.cpp, line 790]
Event: 1.258 Thread 0x0000015b5462c4b0 Exception <a 'java/lang/NoSuchMethodError'{0x000000008b03cdc0}: 'java.lang.Object java.lang.invoke.Invokers$Holder.invokeExact_MT(java.lang.Object, java.lang.Object, java.lang.Object, java.lang.Object, java.lang.Object, java.lang.Object)'> (0x000000008b03cdc0) 
thrown [t:\workspace\open\src\hotspot\share\interpreter\linkResolver.cpp, line 790]
Event: 1.261 Thread 0x0000015b5462c4b0 Exception <a 'java/lang/NoSuchMethodError'{0x000000008b04d160}: 'int java.lang.invoke.DirectMethodHandle$Holder.invokeStatic(java.lang.Object, java.lang.Object, java.lang.Object, java.lang.Object, java.lang.Object)'> (0x000000008b04d160) 
thrown [t:\workspace\open\src\hotspot\share\interpreter\linkResolver.cpp, line 790]
Event: 1.283 Thread 0x0000015b5462c4b0 Exception <a 'java/lang/NoSuchMethodError'{0x000000008b09f920}: 'void java.lang.invoke.DirectMethodHandle$Holder.invokeStaticInit(java.lang.Object)'> (0x000000008b09f920) 
thrown [t:\workspace\open\src\hotspot\share\interpreter\linkResolver.cpp, line 790]
Event: 1.335 Thread 0x0000015b5462c4b0 Exception <a 'java/lang/NoSuchMethodError'{0x000000008af8f790}: 'int java.lang.invoke.DirectMethodHandle$Holder.invokeStaticInit(java.lang.Object, java.lang.Object)'> (0x000000008af8f790) 
thrown [t:\workspace\open\src\hotspot\share\interpreter\linkResolver.cpp, line 790]
Event: 1.548 Thread 0x0000015b5462c4b0 Exception <a 'java/lang/ClassNotFoundException'{0x000000008c2c85a0}: javax/smartcardio/CardPermission> (0x000000008c2c85a0) 
thrown [t:\workspace\open\src\hotspot\share\classfile\systemDictionary.cpp, line 256]
Event: 1.554 Thread 0x0000015b5462c4b0 Exception <a 'java/io/FileNotFoundException'{0x000000008c2d6ed0}> (0x000000008c2d6ed0) 
thrown [t:\workspace\open\src\hotspot\share\prims\jni.cpp, line 579]
Event: 1.694 Thread 0x0000015b5462c4b0 Exception <a 'java/lang/NoSuchMethodError'{0x000000008bf027d8}: 'org.slf4j.impl.StaticMDCBinder org.slf4j.impl.StaticMDCBinder.getSingleton()'> (0x000000008bf027d8) 
thrown [t:\workspace\open\src\hotspot\share\interpreter\linkResolver.cpp, line 790]
Event: 1.727 Thread 0x0000015b5462c4b0 Exception <a 'java/lang/IncompatibleClassChangeError'{0x000000008bf790a0}: Found class java.lang.Object, but interface was expected> (0x000000008bf790a0) 
thrown [t:\workspace\open\src\hotspot\share\interpreter\linkResolver.cpp, line 857]
Event: 1.756 Thread 0x0000015b5462c4b0 Exception <a 'java/lang/NoSuchMethodError'{0x000000008be1a4f8}: 'int java.lang.invoke.DirectMethodHandle$Holder.invokeStaticInit(java.lang.Object, java.lang.Object, java.lang.Object)'> (0x000000008be1a4f8) 
thrown [t:\workspace\open\src\hotspot\share\interpreter\linkResolver.cpp, line 790]
Event: 1.819 Thread 0x0000015b5462c4b0 Exception <a 'java/lang/NoSuchMethodError'{0x000000008bd396c8}: 'int java.lang.invoke.DirectMethodHandle$Holder.invokeInterface(java.lang.Object, java.lang.Object)'> (0x000000008bd396c8) 
thrown [t:\workspace\open\src\hotspot\share\interpreter\linkResolver.cpp, line 790]
Event: 1.858 Thread 0x0000015b5462c4b0 Implicit null exception at 0x0000015b638e31e0 to 0x0000015b638e454d

Events (20 events):
Event: 2.051 loading class sun/reflect/generics/tree/FormalTypeParameter
Event: 2.052 loading class sun/reflect/generics/tree/FormalTypeParameter done
Event: 2.052 loading class sun/reflect/generics/tree/ClassSignature
Event: 2.052 loading class sun/reflect/generics/tree/Signature
Event: 2.052 loading class sun/reflect/generics/tree/Signature done
Event: 2.052 loading class sun/reflect/generics/tree/ClassSignature done
Event: 2.052 loading class sun/reflect/generics/reflectiveObjects/ParameterizedTypeImpl
Event: 2.052 loading class java/lang/reflect/ParameterizedType
Event: 2.052 loading class java/lang/reflect/ParameterizedType done
Event: 2.052 loading class sun/reflect/generics/reflectiveObjects/ParameterizedTypeImpl done
Event: 2.052 loading class java/lang/reflect/TypeVariable
Event: 2.053 loading class java/lang/reflect/TypeVariable done
Event: 2.053 loading class sun/reflect/generics/reflectiveObjects/TypeVariableImpl
Event: 2.053 loading class sun/reflect/generics/reflectiveObjects/LazyReflectiveObjectGenerator
Event: 2.053 loading class sun/reflect/generics/reflectiveObjects/LazyReflectiveObjectGenerator done
Event: 2.053 loading class sun/reflect/generics/reflectiveObjects/TypeVariableImpl done
Event: 2.076 loading class java/io/StringReader
Event: 2.076 loading class java/io/StringReader done
Event: 2.081 loading class java/util/stream/SortedOps$RefSortingSink
Event: 2.081 loading class java/util/stream/SortedOps$RefSortingSink done


Dynamic libraries:
0x00007ff7180f0000 - 0x00007ff718100000 	C:\Program Files\Java\jdk-16.0.2\bin\java.exe
0x00007ffcf4ab0000 - 0x00007ffcf4ca8000 	C:\WINDOWS\SYSTEM32\ntdll.dll
0x00007ffcf4060000 - 0x00007ffcf411f000 	C:\WINDOWS\System32\KERNEL32.DLL
0x00007ffcf24d0000 - 0x00007ffcf27c6000 	C:\WINDOWS\System32\KERNELBASE.dll
0x00007ffcf2a10000 - 0x00007ffcf2b10000 	C:\WINDOWS\System32\ucrtbase.dll
0x00007ffcc31d0000 - 0x00007ffcc31e9000 	C:\Program Files\Java\jdk-16.0.2\bin\VCRUNTIME140.dll
0x00007ffcc32c0000 - 0x00007ffcc32d8000 	C:\Program Files\Java\jdk-16.0.2\bin\jli.dll
0x00007ffcf3e90000 - 0x00007ffcf3f3f000 	C:\WINDOWS\System32\ADVAPI32.dll
0x00007ffcf3300000 - 0x00007ffcf339e000 	C:\WINDOWS\System32\msvcrt.dll
0x00007ffcf33a0000 - 0x00007ffcf343c000 	C:\WINDOWS\System32\sechost.dll
0x00007ffcf4850000 - 0x00007ffcf4976000 	C:\WINDOWS\System32\RPCRT4.dll
0x00007ffcf3160000 - 0x00007ffcf32fd000 	C:\WINDOWS\System32\USER32.dll
0x00007ffcf27d0000 - 0x00007ffcf27f2000 	C:\WINDOWS\System32\win32u.dll
0x00007ffcd0a00000 - 0x00007ffcd0c9a000 	C:\WINDOWS\WinSxS\amd64_microsoft.windows.common-controls_6595b64144ccf1df_6.0.19041.1110_none_60b5254171f9507e\COMCTL32.dll
0x00007ffcf3d80000 - 0x00007ffcf3dac000 	C:\WINDOWS\System32\GDI32.dll
0x00007ffcf2800000 - 0x00007ffcf2915000 	C:\WINDOWS\System32\gdi32full.dll
0x00007ffcf23a0000 - 0x00007ffcf243d000 	C:\WINDOWS\System32\msvcp_win.dll
0x00007ffce9f00000 - 0x00007ffce9f0a000 	C:\WINDOWS\SYSTEM32\VERSION.dll
0x00007ffcf4a40000 - 0x00007ffcf4a70000 	C:\WINDOWS\System32\IMM32.DLL
0x00007ffcd40c0000 - 0x00007ffcd40cc000 	C:\Program Files\Java\jdk-16.0.2\bin\vcruntime140_1.dll
0x00007ffca9710000 - 0x00007ffca97a1000 	C:\Program Files\Java\jdk-16.0.2\bin\msvcp140.dll
0x00007ffc67b30000 - 0x00007ffc686db000 	C:\Program Files\Java\jdk-16.0.2\bin\server\jvm.dll
0x00007ffcf3150000 - 0x00007ffcf3158000 	C:\WINDOWS\System32\PSAPI.DLL
0x00007ffcd1300000 - 0x00007ffcd1309000 	C:\WINDOWS\SYSTEM32\WSOCK32.dll
0x00007ffcd13a0000 - 0x00007ffcd13c7000 	C:\WINDOWS\SYSTEM32\WINMM.dll
0x00007ffcf41f0000 - 0x00007ffcf425b000 	C:\WINDOWS\System32\WS2_32.dll
0x00007ffceffe0000 - 0x00007ffcefff2000 	C:\WINDOWS\SYSTEM32\kernel.appcore.dll
0x00007ffccee00000 - 0x00007ffccee0a000 	C:\Program Files\Java\jdk-16.0.2\bin\jimage.dll
0x00007ffcedd50000 - 0x00007ffcedf34000 	C:\WINDOWS\SYSTEM32\DBGHELP.DLL
0x00007ffcd84c0000 - 0x00007ffcd84f4000 	C:\WINDOWS\SYSTEM32\dbgcore.DLL
0x00007ffcf2440000 - 0x00007ffcf24c2000 	C:\WINDOWS\System32\bcryptPrimitives.dll
0x00007ffcd1bd0000 - 0x00007ffcd1bde000 	C:\Program Files\Java\jdk-16.0.2\bin\instrument.dll
0x00007ffcb7da0000 - 0x00007ffcb7dc5000 	C:\Program Files\Java\jdk-16.0.2\bin\java.dll
0x00007ffcf3440000 - 0x00007ffcf3b84000 	C:\WINDOWS\System32\SHELL32.dll
0x00007ffcf0200000 - 0x00007ffcf0994000 	C:\WINDOWS\SYSTEM32\windows.storage.dll
0x00007ffcf4310000 - 0x00007ffcf4664000 	C:\WINDOWS\System32\combase.dll
0x00007ffcf1bd0000 - 0x00007ffcf1bfe000 	C:\WINDOWS\SYSTEM32\Wldp.dll
0x00007ffcf4260000 - 0x00007ffcf430d000 	C:\WINDOWS\System32\SHCORE.dll
0x00007ffcf4980000 - 0x00007ffcf49d5000 	C:\WINDOWS\System32\shlwapi.dll
0x00007ffcf20c0000 - 0x00007ffcf20e5000 	C:\WINDOWS\SYSTEM32\profapi.dll
0x00007ffcb7d30000 - 0x00007ffcb7d48000 	C:\Program Files\Java\jdk-16.0.2\bin\zip.dll
0x00007ffcb89e0000 - 0x00007ffcb89f9000 	C:\Program Files\Java\jdk-16.0.2\bin\net.dll
0x00007ffcecd30000 - 0x00007ffcece3a000 	C:\WINDOWS\SYSTEM32\WINHTTP.dll
0x00007ffcf1930000 - 0x00007ffcf199a000 	C:\WINDOWS\system32\mswsock.dll
0x00007ffcb7d50000 - 0x00007ffcb7d63000 	C:\Program Files\Java\jdk-16.0.2\bin\nio.dll
0x00007ffcc3490000 - 0x00007ffcc34aa000 	C:\Program Files\JetBrains\IntelliJ IDEA Community Edition 2022.2.2\bin\breakgen64.dll
0x00007ffcc7c90000 - 0x00007ffcc7ca0000 	C:\Program Files\Java\jdk-16.0.2\bin\verify.dll

dbghelp: loaded successfully - version: 4.0.5 - missing functions: none
symbol engine: initialized successfully - sym options: 0x614 - pdb path: .;C:\Program Files\Java\jdk-16.0.2\bin;C:\WINDOWS\SYSTEM32;C:\WINDOWS\WinSxS\amd64_microsoft.windows.common-controls_6595b64144ccf1df_6.0.19041.1110_none_60b5254171f9507e;C:\Program Files\Java\jdk-16.0.2\bin\server;C:\Program Files\JetBrains\IntelliJ IDEA Community Edition 2022.2.2\bin

VM Arguments:
jvm_args: -ea -Didea.test.cyclic.buffer.size=1048576 -javaagent:C:\Program Files\JetBrains\IntelliJ IDEA Community Edition 2022.2.2\lib\idea_rt.jar=52842:C:\Program Files\JetBrains\IntelliJ IDEA Community Edition 2022.2.2\bin -Dfile.encoding=UTF-8 
java_command: com.intellij.rt.junit.JUnitStarter -ideVersion5 -junit5 com.company.customerdataservice.controller.CustomerControllerTest,shouldCreateCustomer
java_class_path (initial): C:\Users\angel\.m2\repository\org\junit\platform\junit-platform-launcher\1.8.2\junit-platform-launcher-1.8.2.jar;C:\Program Files\JetBrains\IntelliJ IDEA Community Edition 2022.2.2\lib\idea_rt.jar;C:\Program Files\JetBrains\IntelliJ IDEA Community Edition 2022.2.2\plugins\junit\lib\junit5-rt.jar;C:\Program Files\JetBrains\IntelliJ IDEA Community Edition 2022.2.2\plugins\junit\lib\junit-rt.jar;C:\Users\angel\eclipse-workspace\customer-data-service\customer-data-service\target\test-classes;C:\Users\angel\eclipse-workspace\customer-data-service\customer-data-service\target\classes;C:\Users\angel\.m2\repository\org\springframework\boot\spring-boot-starter-data-jpa\2.7.13\spring-boot-starter-data-jpa-2.7.13.jar;C:\Users\angel\.m2\repository\org\springframework\boot\spring-boot-starter-aop\2.7.13\spring-boot-starter-aop-2.7.13.jar;C:\Users\angel\.m2\repository\org\springframework\spring-aop\5.3.28\spring-aop-5.3.28.jar;C:\Users\angel\.m2\repository\org\aspectj\aspectjweaver\1.9.7\aspectjweaver-1.9.7.jar;C:\Users\angel\.m2\repository\org\springframework\boot\spring-boot-starter-jdbc\2.7.13\spring-boot-starter-jdbc-2.7.13.jar;C:\Users\angel\.m2\repository\com\zaxxer\HikariCP\4.0.3\HikariCP-4.0.3.jar;C:\Users\angel\.m2\repository\org\springframework\spring-jdbc\5.3.28\spring-jdbc-5.3.28.jar;C:\Users\angel\.m2\repository\jakarta\transaction\jakarta.transaction-api\1.3.3\jakarta.transaction-api-1.3.3.jar;C:\Users\angel\.m2\repository\jakarta\persistence\jakarta.persistence-api\2.2.3\jakarta.persistence-api-2.2.3.jar;C:\Users\angel\.m2\repository\org\hibernate\hibernate-core\5.6.15.Final\hibernate-core-5.6.15.Final.jar;C:\Users\angel\.m2\repository\org\jboss\logging\jboss-logging\3.4.3.Final\jboss-logging-3.4.3.Final.jar;C:\Users\angel\.m2\repository\net\bytebuddy\byte-buddy\1.12.23\byte-buddy-1.12.23.jar;C:\Users\angel\.m2\repository\antlr\antlr\2.7.7\antlr-2.7.7.jar;C:\Users\angel\.m2\repository\org\jboss\jandex\2.4.2.Final\jandex-2.4.2.Final.jar;
Launcher Type: SUN_STANDARD

[Global flags]
     intx CICompilerCount                          = 4                                         {product} {ergonomic}
     uint ConcGCThreads                            = 2                                         {product} {ergonomic}
     uint G1ConcRefinementThreads                  = 8                                         {product} {ergonomic}
   size_t G1HeapRegionSize                         = 1048576                                   {product} {ergonomic}
    uintx GCDrainStackTargetSize                   = 64                                        {product} {ergonomic}
   size_t InitialHeapSize                          = 130023424                                 {product} {ergonomic}
   size_t MarkStackSize                            = 4194304                                   {product} {ergonomic}
   size_t MaxHeapSize                              = 2069889024                                {product} {ergonomic}
   size_t MaxNewSize                               = 1241513984                                {product} {ergonomic}
   size_t MinHeapDeltaBytes                        = 1048576                                   {product} {ergonomic}
   size_t MinHeapSize                              = 8388608                                   {product} {ergonomic}
    uintx NonNMethodCodeHeapSize                   = 5839372                                {pd product} {ergonomic}
    uintx NonProfiledCodeHeapSize                  = 122909434                              {pd product} {ergonomic}
    uintx ProfiledCodeHeapSize                     = 122909434                              {pd product} {ergonomic}
    uintx ReservedCodeCacheSize                    = 251658240                              {pd product} {ergonomic}
     bool SegmentedCodeCache                       = true                                      {product} {ergonomic}
   size_t SoftMaxHeapSize                          = 2069889024                             {manageable} {ergonomic}
     bool UseCompressedClassPointers               = true                           {product lp64_product} {ergonomic}
     bool UseCompressedOops                        = true                           {product lp64_product} {ergonomic}
     bool UseG1GC                                  = true                                      {product} {ergonomic}
     bool UseLargePagesIndividualAllocation        = false                                  {pd product} {ergonomic}

Logging:
Log output configuration:
 #0: stdout all=warning uptime,level,tags
 #1: stderr all=off uptime,level,tags

Environment Variables:
JAVA_HOME=C:\Program Files\Java\jdk-11.0.19+7
PATH=C:\Program Files\Java\jdk-11.0.19+7\bin;C:\Users\angel\Downloads\gradle-6.7.1-bin\gradle-6.7.1\bin;C:\Program Files\Common Files\Oracle\Java\javapath;C:\Program Files (x86)\Common Files\Oracle\Java\javapath;C:\WINDOWS\system32;C:\WINDOWS;C:\WINDOWS\System32\Wbem;C:\WINDOWS\System32\WindowsPowerShell\v1.0\;C:\WINDOWS\System32\OpenSSH\;C:\Program Files\nodejs\;C:\Program Files\MATLAB\R2021b\bin;C:\Program Files\Docker\Docker\resources\bin;C:\ProgramData\DockerDesktop\version-bin;C:\Program Files\Git\cmd;C:\Qt\Qt5.12.11\5.12.11\msvc2017_64\bin;C:\Program Files (x86)\Microsoft Visual Studio\2017\Community\VC\Tools\MSVC\14.16.27023\bin\Hostx64\x64;C:\Program Files (x86)\Microchip\MPLAB C32 Suite\bin;C:\ProgramData\chocolatey\bin;C:\ProgramData\chocolatey\lib\maven\apache-maven-3.9.2\bin;C:\Users\angel\development\sdks\flutter;C:\Users\angel\development\sdks\flutter;C:\Users\angel\development\sdks\flutter\bin;C:\Users\angel\AppData\Local\Programs\Microsoft VS Code\bin;C:\Program Files\JetBrains\IntelliJ IDEA Community Edition 2022.2.2\bin;;C:\Program Files\Java\jdk-11.0.19+7\bin;
USERNAME=angel
OS=Windows_NT
PROCESSOR_IDENTIFIER=Intel64 Family 6 Model 142 Stepping 12, GenuineIntel



---------------  S Y S T E M  ---------------

OS:
 Windows 10 , 64 bit Build 19041 (10.0.19041.3155)
OS uptime: 14 days 10:25 hours
Hyper-V role detected

CPU: total 8 (initial active 8) (4 cores per cpu, 2 threads per core) family 6 model 142 stepping 12 microcode 0xca, cx8, cmov, fxsr, ht, mmx, 3dnowpref, sse, sse2, sse3, ssse3, sse4.1, sse4.2, popcnt, lzcnt, tsc, tscinvbit, avx, avx2, aes, erms, clmul, bmi1, bmi2, adx, fma, vzeroupper, clflush, clflushopt, hv

Memory: 4k page, system-wide physical 7894M (556M free)
TotalPageFile size 32470M (AvailPageFile size 1M)
current process WorkingSet (physical memory assigned to process): 87M, peak: 87M
current process commit charge ("private bytes"): 229M, peak: 229M

vm_info: Java HotSpot(TM) 64-Bit Server VM (16.0.2+7-67) for windows-amd64 JRE (16.0.2+7-67), built on Jun  8 2021 23:24:19 by "mach5one" with MS VC++ 16.7 (VS2019)

END.
